<?xml version="1.0" encoding="UTF-8"?>
<!-- Generated by org.testng.reporters.JUnitXMLReporter -->
<testsuite hostname="DESKTOP-8AHTIUM" ignored="0" name="Test" tests="5" failures="2" timestamp="15 May 2019 00:46:11 GMT" time="90.571" errors="0">
  <testcase name="testApp" time="0.015" classname="com.mycompany.app.AppTest"/>
  <testcase name="basePageNavigation" time="0.111" classname="com.mycompany.app.ValidateNavBar"/>
  <testcase name="basePageNavigation" time="0.105" classname="com.mycompany.app.ValidateTitle"/>
  <testcase name="basePageNavigation" time="0.074" classname="com.mycompany.app.HomePage">
    <failure type="org.openqa.selenium.ElementClickInterceptedException" message="Element &amp;lt;a href=&amp;quot;http://qaclickacademy.usefedora.com/sign_in&amp;quot;&amp;gt; is not clickable at point (1324,16) because another element &amp;lt;div class=&amp;quot;listbuilder-popup-content&amp;quot;&amp;gt; obscures it
Build info: version: &amp;apos;3.141.59&amp;apos;, revision: &amp;apos;e82be7d358&amp;apos;, time: &amp;apos;2018-11-14T08:17:03&amp;apos;
System info: host: &amp;apos;DESKTOP-8AHTIUM&amp;apos;, ip: &amp;apos;192.168.233.1&amp;apos;, os.name: &amp;apos;Windows 10&amp;apos;, os.arch: &amp;apos;x86&amp;apos;, os.version: &amp;apos;10.0&amp;apos;, java.version: &amp;apos;1.8.0_181&amp;apos;
Driver info: org.openqa.selenium.firefox.FirefoxDriver
Capabilities {acceptInsecureCerts: true, browserName: firefox, browserVersion: 66.0.5, capabilities: {desiredCapabilities: {acceptInsecureCerts: true, browserName: firefox}}, javascriptEnabled: true, moz:accessibilityChecks: false, moz:headless: false, moz:processID: 2416, moz:profile: C:\Users\bhanu\AppData\Loca..., moz:shutdownTimeout: 60000, moz:useNonSpecCompliantPointerOrigin: false, moz:webdriverClick: true, pageLoadStrategy: normal, platform: WINDOWS, platformName: WINDOWS, platformVersion: 10.0, rotatable: false, setWindowRect: true, strictFileInteractability: false, timeouts: {implicit: 0, pageLoad: 300000, script: 30000}, unhandledPromptBehavior: dismiss and notify}
Session ID: a957cdfc-dacb-45a8-a823-1a3a2e4fa138">
      <![CDATA[org.openqa.selenium.ElementClickInterceptedException: Element <a href="http://qaclickacademy.usefedora.com/sign_in"> is not clickable at point (1324,16) because another element <div class="listbuilder-popup-content"> obscures it
Build info: version: '3.141.59', revision: 'e82be7d358', time: '2018-11-14T08:17:03'
System info: host: 'DESKTOP-8AHTIUM', ip: '192.168.233.1', os.name: 'Windows 10', os.arch: 'x86', os.version: '10.0', java.version: '1.8.0_181'
Driver info: org.openqa.selenium.firefox.FirefoxDriver
Capabilities {acceptInsecureCerts: true, browserName: firefox, browserVersion: 66.0.5, capabilities: {desiredCapabilities: {acceptInsecureCerts: true, browserName: firefox}}, javascriptEnabled: true, moz:accessibilityChecks: false, moz:headless: false, moz:processID: 2416, moz:profile: C:\Users\bhanu\AppData\Loca..., moz:shutdownTimeout: 60000, moz:useNonSpecCompliantPointerOrigin: false, moz:webdriverClick: true, pageLoadStrategy: normal, platform: WINDOWS, platformName: WINDOWS, platformVersion: 10.0, rotatable: false, setWindowRect: true, strictFileInteractability: false, timeouts: {implicit: 0, pageLoad: 300000, script: 30000}, unhandledPromptBehavior: dismiss and notify}
Session ID: a957cdfc-dacb-45a8-a823-1a3a2e4fa138
at org.openqa.selenium.remote.http.W3CHttpResponseCodec.createException(W3CHttpResponseCodec.java:187)
at org.openqa.selenium.remote.http.W3CHttpResponseCodec.decode(W3CHttpResponseCodec.java:122)
at org.openqa.selenium.remote.http.W3CHttpResponseCodec.decode(W3CHttpResponseCodec.java:49)
at org.openqa.selenium.remote.HttpCommandExecutor.execute(HttpCommandExecutor.java:158)
at org.openqa.selenium.remote.service.DriverCommandExecutor.execute(DriverCommandExecutor.java:83)
at org.openqa.selenium.remote.RemoteWebDriver.execute(RemoteWebDriver.java:552)
at org.openqa.selenium.remote.RemoteWebElement.execute(RemoteWebElement.java:285)
at org.openqa.selenium.remote.RemoteWebElement.click(RemoteWebElement.java:84)
at com.mycompany.app.HomePage.basePageNavigation(HomePage.java:25)
... Removed 29 stack frames]]>
    </failure>
  </testcase> <!-- basePageNavigation -->
  <testcase name="basePageNavigation" time="0.04" classname="com.mycompany.app.HomePage">
    <failure type="org.openqa.selenium.ElementClickInterceptedException" message="Element &amp;lt;a href=&amp;quot;http://qaclickacademy.usefedora.com/sign_in&amp;quot;&amp;gt; is not clickable at point (1324,16) because another element &amp;lt;div class=&amp;quot;listbuilder-popup-content&amp;quot;&amp;gt; obscures it
Build info: version: &amp;apos;3.141.59&amp;apos;, revision: &amp;apos;e82be7d358&amp;apos;, time: &amp;apos;2018-11-14T08:17:03&amp;apos;
System info: host: &amp;apos;DESKTOP-8AHTIUM&amp;apos;, ip: &amp;apos;192.168.233.1&amp;apos;, os.name: &amp;apos;Windows 10&amp;apos;, os.arch: &amp;apos;x86&amp;apos;, os.version: &amp;apos;10.0&amp;apos;, java.version: &amp;apos;1.8.0_181&amp;apos;
Driver info: org.openqa.selenium.firefox.FirefoxDriver
Capabilities {acceptInsecureCerts: true, browserName: firefox, browserVersion: 66.0.5, capabilities: {desiredCapabilities: {acceptInsecureCerts: true, browserName: firefox}}, javascriptEnabled: true, moz:accessibilityChecks: false, moz:headless: false, moz:processID: 2416, moz:profile: C:\Users\bhanu\AppData\Loca..., moz:shutdownTimeout: 60000, moz:useNonSpecCompliantPointerOrigin: false, moz:webdriverClick: true, pageLoadStrategy: normal, platform: WINDOWS, platformName: WINDOWS, platformVersion: 10.0, rotatable: false, setWindowRect: true, strictFileInteractability: false, timeouts: {implicit: 0, pageLoad: 300000, script: 30000}, unhandledPromptBehavior: dismiss and notify}
Session ID: a957cdfc-dacb-45a8-a823-1a3a2e4fa138">
      <![CDATA[org.openqa.selenium.ElementClickInterceptedException: Element <a href="http://qaclickacademy.usefedora.com/sign_in"> is not clickable at point (1324,16) because another element <div class="listbuilder-popup-content"> obscures it
Build info: version: '3.141.59', revision: 'e82be7d358', time: '2018-11-14T08:17:03'
System info: host: 'DESKTOP-8AHTIUM', ip: '192.168.233.1', os.name: 'Windows 10', os.arch: 'x86', os.version: '10.0', java.version: '1.8.0_181'
Driver info: org.openqa.selenium.firefox.FirefoxDriver
Capabilities {acceptInsecureCerts: true, browserName: firefox, browserVersion: 66.0.5, capabilities: {desiredCapabilities: {acceptInsecureCerts: true, browserName: firefox}}, javascriptEnabled: true, moz:accessibilityChecks: false, moz:headless: false, moz:processID: 2416, moz:profile: C:\Users\bhanu\AppData\Loca..., moz:shutdownTimeout: 60000, moz:useNonSpecCompliantPointerOrigin: false, moz:webdriverClick: true, pageLoadStrategy: normal, platform: WINDOWS, platformName: WINDOWS, platformVersion: 10.0, rotatable: false, setWindowRect: true, strictFileInteractability: false, timeouts: {implicit: 0, pageLoad: 300000, script: 30000}, unhandledPromptBehavior: dismiss and notify}
Session ID: a957cdfc-dacb-45a8-a823-1a3a2e4fa138
at org.openqa.selenium.remote.http.W3CHttpResponseCodec.createException(W3CHttpResponseCodec.java:187)
at org.openqa.selenium.remote.http.W3CHttpResponseCodec.decode(W3CHttpResponseCodec.java:122)
at org.openqa.selenium.remote.http.W3CHttpResponseCodec.decode(W3CHttpResponseCodec.java:49)
at org.openqa.selenium.remote.HttpCommandExecutor.execute(HttpCommandExecutor.java:158)
at org.openqa.selenium.remote.service.DriverCommandExecutor.execute(DriverCommandExecutor.java:83)
at org.openqa.selenium.remote.RemoteWebDriver.execute(RemoteWebDriver.java:552)
at org.openqa.selenium.remote.RemoteWebElement.execute(RemoteWebElement.java:285)
at org.openqa.selenium.remote.RemoteWebElement.click(RemoteWebElement.java:84)
at com.mycompany.app.HomePage.basePageNavigation(HomePage.java:25)
... Removed 29 stack frames]]>
    </failure>
  </testcase> <!-- basePageNavigation -->
</testsuite> <!-- Test -->
