<?xml version="1.0" encoding="UTF-8"?>
<!-- Generated by org.testng.reporters.JUnitXMLReporter -->
<testsuite hostname="DESKTOP-8AHTIUM" ignored="0" name="Test" tests="5" failures="1" timestamp="18 May 2019 03:34:54 GMT" time="42.211" errors="0">
  <testcase name="testApp" time="0.003" classname="com.mycompany.app.AppTest"/>
  <testcase name="basePageNavigation" time="0.094" classname="com.mycompany.app.ValidateNavBar"/>
  <testcase name="basePageNavigation" time="0.104" classname="com.mycompany.app.ValidateTitle"/>
  <testcase name="basePageNavigation" time="0.0" classname="com.mycompany.app.HomePage">
    <skipped/>
  </testcase> <!-- basePageNavigation -->
  <testcase name="teardown" time="0.0" classname="com.mycompany.app.HomePage">
    <failure type="java.lang.NullPointerException">
      <![CDATA[java.lang.NullPointerException
at com.mycompany.app.HomePage.teardown(HomePage.java:38)
... Removed 29 stack frames]]>
    </failure>
  </testcase> <!-- teardown -->
</testsuite> <!-- Test -->
