<?xml version="1.0" encoding="UTF-8"?>
<testng-results skipped="0" failed="0" ignored="0" total="5" passed="5">
  <reporter-output>
  </reporter-output>
  <suite name="Suite" duration-ms="73954" started-at="2019-05-18T14:52:30Z" finished-at="2019-05-18T14:53:43Z">
    <groups>
    </groups>
    <test name="AppTest" duration-ms="32" started-at="2019-05-18T14:52:30Z" finished-at="2019-05-18T14:52:30Z">
      <class name="com.mycompany.app.AppTest">
        <test-method status="PASS" signature="testApp()[pri:0, instance:com.mycompany.app.AppTest@1fee20c]" name="testApp" duration-ms="16" started-at="2019-05-18T14:52:30Z" finished-at="2019-05-18T14:52:30Z">
          <reporter-output>
          </reporter-output>
        </test-method> <!-- testApp -->
      </class> <!-- com.mycompany.app.AppTest -->
    </test> <!-- AppTest -->
    <test name="ValidateNavBar" duration-ms="18151" started-at="2019-05-18T14:52:30Z" finished-at="2019-05-18T14:52:48Z">
      <class name="com.mycompany.app.ValidateNavBar">
        <test-method status="PASS" signature="Initilize()[pri:0, instance:com.mycompany.app.ValidateNavBar@82f6ef]" name="Initilize" is-config="true" duration-ms="15666" started-at="2019-05-18T14:52:30Z" finished-at="2019-05-18T14:52:45Z">
          <reporter-output>
          </reporter-output>
        </test-method> <!-- Initilize -->
        <test-method status="PASS" signature="basePageNavigation()[pri:0, instance:com.mycompany.app.ValidateNavBar@82f6ef]" name="basePageNavigation" duration-ms="125" started-at="2019-05-18T14:52:45Z" finished-at="2019-05-18T14:52:45Z">
          <reporter-output>
          </reporter-output>
        </test-method> <!-- basePageNavigation -->
        <test-method status="PASS" signature="teardown()[pri:0, instance:com.mycompany.app.ValidateNavBar@82f6ef]" name="teardown" is-config="true" duration-ms="2360" started-at="2019-05-18T14:52:45Z" finished-at="2019-05-18T14:52:48Z">
          <reporter-output>
          </reporter-output>
        </test-method> <!-- teardown -->
      </class> <!-- com.mycompany.app.ValidateNavBar -->
    </test> <!-- ValidateNavBar -->
    <test name="ValidateTitle" duration-ms="14381" started-at="2019-05-18T14:52:48Z" finished-at="2019-05-18T14:53:02Z">
      <class name="com.mycompany.app.ValidateTitle">
        <test-method status="PASS" signature="Initilize()[pri:0, instance:com.mycompany.app.ValidateTitle@34c75a]" name="Initilize" is-config="true" duration-ms="11932" started-at="2019-05-18T14:52:48Z" finished-at="2019-05-18T14:53:00Z">
          <reporter-output>
          </reporter-output>
        </test-method> <!-- Initilize -->
        <test-method status="PASS" signature="basePageNavigation()[pri:0, instance:com.mycompany.app.ValidateTitle@34c75a]" name="basePageNavigation" duration-ms="125" started-at="2019-05-18T14:53:00Z" finished-at="2019-05-18T14:53:00Z">
          <reporter-output>
          </reporter-output>
        </test-method> <!-- basePageNavigation -->
        <test-method status="PASS" signature="teardown()[pri:0, instance:com.mycompany.app.ValidateTitle@34c75a]" name="teardown" is-config="true" duration-ms="2324" started-at="2019-05-18T14:53:00Z" finished-at="2019-05-18T14:53:02Z">
          <reporter-output>
          </reporter-output>
        </test-method> <!-- teardown -->
      </class> <!-- com.mycompany.app.ValidateTitle -->
    </test> <!-- ValidateTitle -->
    <test name="HomePage" duration-ms="41264" started-at="2019-05-18T14:53:02Z" finished-at="2019-05-18T14:53:43Z">
      <class name="com.mycompany.app.HomePage">
        <test-method status="PASS" signature="Initilize()[pri:0, instance:com.mycompany.app.HomePage@19f379]" name="Initilize" is-config="true" duration-ms="0" started-at="2019-05-18T14:53:02Z" finished-at="2019-05-18T14:53:02Z">
          <reporter-output>
          </reporter-output>
        </test-method> <!-- Initilize -->
        <test-method status="PASS" signature="basePageNavigation(java.lang.String, java.lang.String)[pri:0, instance:com.mycompany.app.HomePage@19f379]" name="basePageNavigation" duration-ms="21240" started-at="2019-05-18T14:53:02Z" data-provider="getData" finished-at="2019-05-18T14:53:23Z">
          <params>
            <param index="0">
              <value>
                <![CDATA[bhanu.p@gmail.com]]>
              </value>
            </param>
            <param index="1">
              <value>
                <![CDATA[dmfdf]]>
              </value>
            </param>
          </params>
          <reporter-output>
          </reporter-output>
        </test-method> <!-- basePageNavigation -->
        <test-method status="PASS" signature="basePageNavigation(java.lang.String, java.lang.String)[pri:0, instance:com.mycompany.app.HomePage@19f379]" name="basePageNavigation" duration-ms="17668" started-at="2019-05-18T14:53:23Z" data-provider="getData" finished-at="2019-05-18T14:53:41Z">
          <params>
            <param index="0">
              <value>
                <![CDATA[bhanu@gmail.com]]>
              </value>
            </param>
            <param index="1">
              <value>
                <![CDATA[545124]]>
              </value>
            </param>
          </params>
          <reporter-output>
          </reporter-output>
        </test-method> <!-- basePageNavigation -->
        <test-method status="PASS" signature="teardown()[pri:0, instance:com.mycompany.app.HomePage@19f379]" name="teardown" is-config="true" duration-ms="2341" started-at="2019-05-18T14:53:41Z" finished-at="2019-05-18T14:53:43Z">
          <reporter-output>
          </reporter-output>
        </test-method> <!-- teardown -->
      </class> <!-- com.mycompany.app.HomePage -->
    </test> <!-- HomePage -->
  </suite> <!-- Suite -->
</testng-results>
