<?xml version="1.0" encoding="UTF-8"?>
<testsuite xmlns:xsi="http://www.w3.org/2001/XMLSchema-instance" xsi:noNamespaceSchemaLocation="https://maven.apache.org/surefire/maven-surefire-plugin/xsd/surefire-test-report-3.0.xsd" version="3.0" name="TestSuite" time="80.858" tests="5" errors="0" skipped="0" failures="0">
  <properties>
[...]
</properties>
  <testcase name="testApp" classname="com.mycompany.app.AppTest" time="0.016"/>
  <testcase name="basePageNavigation" classname="com.mycompany.app.ValidateNavBar" time="0.125"/>
  <testcase name="basePageNavigation" classname="com.mycompany.app.ValidateTitle" time="0.219"/>
  <testcase name="basePageNavigation" classname="com.mycompany.app.HomePage" time="18.937"/>
  <testcase name="basePageNavigation" classname="com.mycompany.app.HomePage" time="20.179"/>
</testsuite>